2020-11-19 11:26:38.433  INFO 1 --- [main] c.e.i.e.EpisenScaPjaBackendApplication   : Starting EpisenScaPjaBackendApplication on 266999eab0cb with PID 1 (/app/episen-sca-pja-backend.jar started by appspring in /)
2020-11-19 11:26:38.519  INFO 1 --- [main] c.e.i.e.EpisenScaPjaBackendApplication   : No active profile set, falling back to default profiles: default
2020-11-19 11:26:45.030  INFO 1 --- [main] o.s.b.w.embedded.tomcat.TomcatWebServer  : Tomcat initialized with port(s): 8080 (http)
2020-11-19 11:26:45.117  INFO 1 --- [main] o.apache.catalina.core.StandardService   : Starting service [Tomcat]
2020-11-19 11:26:45.119  INFO 1 --- [main] org.apache.catalina.core.StandardEngine  : Starting Servlet engine: [Apache Tomcat/9.0.38]
2020-11-19 11:26:45.618  INFO 1 --- [main] o.a.c.c.C.[Tomcat].[localhost].[/]       : Initializing Spring embedded WebApplicationContext
2020-11-19 11:26:45.620  INFO 1 --- [main] w.s.c.ServletWebServerApplicationContext : Root WebApplicationContext: initialization completed in 6795 ms
2020-11-19 11:26:48.534  INFO 1 --- [main] o.s.s.concurrent.ThreadPoolTaskExecutor  : Initializing ExecutorService 'applicationTaskExecutor'
2020-11-19 11:26:49.847  INFO 1 --- [main] o.s.b.w.embedded.tomcat.TomcatWebServer  : Tomcat started on port(s): 8080 (http) with context path ''
2020-11-19 11:26:49.936  INFO 1 --- [main] c.e.i.e.EpisenScaPjaBackendApplication   : Started EpisenScaPjaBackendApplication in 14.813 seconds (JVM running for 18.158)
2020-11-19 11:26:58.727  INFO 1 --- [http-nio-8080-exec-1] o.a.c.c.C.[Tomcat].[localhost].[/]       : Initializing Spring DispatcherServlet 'dispatcherServlet'
2020-11-19 11:26:58.731  INFO 1 --- [http-nio-8080-exec-1] o.s.web.servlet.DispatcherServlet        : Initializing Servlet 'dispatcherServlet'
2020-11-19 11:26:58.819  INFO 1 --- [http-nio-8080-exec-1] o.s.web.servlet.DispatcherServlet        : Completed initialization in 87 ms
2020-11-19 11:26:59.028  INFO 1 --- [http-nio-8080-exec-1] c.e.i.e.endpoints.BackendController      : Text received :perruche
2020-11-19 11:26:59.040  INFO 1 --- [http-nio-8080-exec-1] c.e.i.e.common.StaticData                : The text file didn't exist and will be created
2020-11-19 11:26:59.122  INFO 1 --- [http-nio-8080-exec-1] c.e.i.e.common.StaticData                : The text was added to the file
2020-11-19 11:40:13.429  INFO 1 --- [main] c.e.i.e.EpisenScaPjaBackendApplication   : Starting EpisenScaPjaBackendApplication on 8c3e15ed6720 with PID 1 (/app/episen-sca-pja-backend.jar started by appspring in /)
2020-11-19 11:40:13.434  INFO 1 --- [main] c.e.i.e.EpisenScaPjaBackendApplication   : No active profile set, falling back to default profiles: default
2020-11-19 11:40:20.636  INFO 1 --- [main] o.s.b.w.embedded.tomcat.TomcatWebServer  : Tomcat initialized with port(s): 8080 (http)
2020-11-19 11:40:20.731  INFO 1 --- [main] o.apache.catalina.core.StandardService   : Starting service [Tomcat]
2020-11-19 11:40:20.732  INFO 1 --- [main] org.apache.catalina.core.StandardEngine  : Starting Servlet engine: [Apache Tomcat/9.0.38]
2020-11-19 11:40:21.225  INFO 1 --- [main] o.a.c.c.C.[Tomcat].[localhost].[/]       : Initializing Spring embedded WebApplicationContext
2020-11-19 11:40:21.226  INFO 1 --- [main] w.s.c.ServletWebServerApplicationContext : Root WebApplicationContext: initialization completed in 7307 ms
2020-11-19 11:40:24.523  INFO 1 --- [main] o.s.s.concurrent.ThreadPoolTaskExecutor  : Initializing ExecutorService 'applicationTaskExecutor'
2020-11-19 11:40:25.935  INFO 1 --- [main] o.s.b.w.embedded.tomcat.TomcatWebServer  : Tomcat started on port(s): 8080 (http) with context path ''
2020-11-19 11:40:26.032  INFO 1 --- [main] c.e.i.e.EpisenScaPjaBackendApplication   : Started EpisenScaPjaBackendApplication in 15.692 seconds (JVM running for 18.858)
2020-11-19 11:40:40.731  INFO 1 --- [http-nio-8080-exec-1] o.a.c.c.C.[Tomcat].[localhost].[/]       : Initializing Spring DispatcherServlet 'dispatcherServlet'
2020-11-19 11:40:40.734  INFO 1 --- [http-nio-8080-exec-1] o.s.web.servlet.DispatcherServlet        : Initializing Servlet 'dispatcherServlet'
2020-11-19 11:40:40.825  INFO 1 --- [http-nio-8080-exec-1] o.s.web.servlet.DispatcherServlet        : Completed initialization in 90 ms
2020-11-19 11:40:41.121  INFO 1 --- [http-nio-8080-exec-1] c.e.i.e.endpoints.BackendController      : Text received :toto
2020-11-19 11:40:41.141  INFO 1 --- [http-nio-8080-exec-1] c.e.i.e.common.StaticData                : The text as added to the file
2020-11-19 11:43:22.319  INFO 1 --- [main] c.e.i.e.EpisenScaPjaBackendApplication   : Starting EpisenScaPjaBackendApplication on 10bff3e27fc0 with PID 1 (/app/episen-sca-pja-backend.jar started by appspring in /)
2020-11-19 11:43:22.323  INFO 1 --- [main] c.e.i.e.EpisenScaPjaBackendApplication   : No active profile set, falling back to default profiles: default
2020-11-19 11:43:29.319  INFO 1 --- [main] o.s.b.w.embedded.tomcat.TomcatWebServer  : Tomcat initialized with port(s): 8080 (http)
2020-11-19 11:43:29.422  INFO 1 --- [main] o.apache.catalina.core.StandardService   : Starting service [Tomcat]
2020-11-19 11:43:29.424  INFO 1 --- [main] org.apache.catalina.core.StandardEngine  : Starting Servlet engine: [Apache Tomcat/9.0.38]
2020-11-19 11:43:29.939  INFO 1 --- [main] o.a.c.c.C.[Tomcat].[localhost].[/]       : Initializing Spring embedded WebApplicationContext
2020-11-19 11:43:29.940  INFO 1 --- [main] w.s.c.ServletWebServerApplicationContext : Root WebApplicationContext: initialization completed in 7206 ms
2020-11-19 11:43:32.829  INFO 1 --- [main] o.s.s.concurrent.ThreadPoolTaskExecutor  : Initializing ExecutorService 'applicationTaskExecutor'
2020-11-19 11:43:34.031  INFO 1 --- [main] o.s.b.w.embedded.tomcat.TomcatWebServer  : Tomcat started on port(s): 8080 (http) with context path ''
2020-11-19 11:43:34.129  INFO 1 --- [main] c.e.i.e.EpisenScaPjaBackendApplication   : Started EpisenScaPjaBackendApplication in 14.806 seconds (JVM running for 17.639)
2020-11-19 11:44:14.539  INFO 1 --- [http-nio-8080-exec-1] o.a.c.c.C.[Tomcat].[localhost].[/]       : Initializing Spring DispatcherServlet 'dispatcherServlet'
2020-11-19 11:44:14.621  INFO 1 --- [http-nio-8080-exec-1] o.s.web.servlet.DispatcherServlet        : Initializing Servlet 'dispatcherServlet'
2020-11-19 11:44:14.632  INFO 1 --- [http-nio-8080-exec-1] o.s.web.servlet.DispatcherServlet        : Completed initialization in 9 ms
2020-11-19 11:44:15.123  INFO 1 --- [http-nio-8080-exec-1] c.e.i.e.endpoints.BackendController      : Text received :toto
2020-11-19 11:44:15.123  INFO 1 --- [http-nio-8080-exec-2] c.e.i.e.endpoints.BackendController      : Text received :toto
2020-11-19 11:44:15.136  INFO 1 --- [http-nio-8080-exec-2] c.e.i.e.common.StaticData                : The text as added to the file
2020-11-19 11:44:15.218  INFO 1 --- [http-nio-8080-exec-1] c.e.i.e.common.StaticData                : The text as added to the file
2020-11-19 11:46:29.328  INFO 1 --- [SpringContextShutdownHook] o.s.s.concurrent.ThreadPoolTaskExecutor  : Shutting down ExecutorService 'applicationTaskExecutor'
2020-11-19 11:46:46.535  INFO 1 --- [main] c.e.i.e.EpisenScaPjaBackendApplication   : Starting EpisenScaPjaBackendApplication on dca2b022d30f with PID 1 (/app/episen-sca-pja-backend.jar started by appspring in /)
2020-11-19 11:46:46.619  INFO 1 --- [main] c.e.i.e.EpisenScaPjaBackendApplication   : No active profile set, falling back to default profiles: default
2020-11-19 11:46:53.223  INFO 1 --- [main] o.s.b.w.embedded.tomcat.TomcatWebServer  : Tomcat initialized with port(s): 8080 (http)
2020-11-19 11:46:53.246  INFO 1 --- [main] o.apache.catalina.core.StandardService   : Starting service [Tomcat]
2020-11-19 11:46:53.318  INFO 1 --- [main] org.apache.catalina.core.StandardEngine  : Starting Servlet engine: [Apache Tomcat/9.0.38]
2020-11-19 11:46:53.736  INFO 1 --- [main] o.a.c.c.C.[Tomcat].[localhost].[/]       : Initializing Spring embedded WebApplicationContext
2020-11-19 11:46:53.738  INFO 1 --- [main] w.s.c.ServletWebServerApplicationContext : Root WebApplicationContext: initialization completed in 6711 ms
2020-11-19 11:46:56.931  INFO 1 --- [main] o.s.s.concurrent.ThreadPoolTaskExecutor  : Initializing ExecutorService 'applicationTaskExecutor'
2020-11-19 11:46:58.033  INFO 1 --- [main] o.s.b.w.embedded.tomcat.TomcatWebServer  : Tomcat started on port(s): 8080 (http) with context path ''
2020-11-19 11:46:58.131  INFO 1 --- [main] c.e.i.e.EpisenScaPjaBackendApplication   : Started EpisenScaPjaBackendApplication in 14.608 seconds (JVM running for 17.493)
2020-11-19 11:47:04.333  INFO 1 --- [http-nio-8080-exec-1] o.a.c.c.C.[Tomcat].[localhost].[/]       : Initializing Spring DispatcherServlet 'dispatcherServlet'
2020-11-19 11:47:04.418  INFO 1 --- [http-nio-8080-exec-1] o.s.web.servlet.DispatcherServlet        : Initializing Servlet 'dispatcherServlet'
2020-11-19 11:47:04.435  INFO 1 --- [http-nio-8080-exec-1] o.s.web.servlet.DispatcherServlet        : Completed initialization in 15 ms
2020-11-19 11:47:04.733  INFO 1 --- [http-nio-8080-exec-1] c.e.i.e.endpoints.BackendController      : Text received :fabrice
2020-11-19 11:47:04.752  INFO 1 --- [http-nio-8080-exec-1] c.e.i.e.common.StaticData                : The text as added to the file
2020-11-19 11:50:19.125  INFO 1 --- [main] c.e.i.e.EpisenScaPjaBackendApplication   : Starting EpisenScaPjaBackendApplication on 820925a8dd46 with PID 1 (/app/episen-sca-pja-backend.jar started by appspring in /)
2020-11-19 11:50:19.128  INFO 1 --- [main] c.e.i.e.EpisenScaPjaBackendApplication   : No active profile set, falling back to default profiles: default
2020-11-19 11:50:26.435  INFO 1 --- [main] o.s.b.w.embedded.tomcat.TomcatWebServer  : Tomcat initialized with port(s): 8080 (http)
2020-11-19 11:50:26.526  INFO 1 --- [main] o.apache.catalina.core.StandardService   : Starting service [Tomcat]
2020-11-19 11:50:26.528  INFO 1 --- [main] org.apache.catalina.core.StandardEngine  : Starting Servlet engine: [Apache Tomcat/9.0.38]
2020-11-19 11:50:27.131  INFO 1 --- [main] o.a.c.c.C.[Tomcat].[localhost].[/]       : Initializing Spring embedded WebApplicationContext
2020-11-19 11:50:27.133  INFO 1 --- [main] w.s.c.ServletWebServerApplicationContext : Root WebApplicationContext: initialization completed in 7495 ms
2020-11-19 11:50:30.332  INFO 1 --- [main] o.s.s.concurrent.ThreadPoolTaskExecutor  : Initializing ExecutorService 'applicationTaskExecutor'
2020-11-19 11:50:31.738  INFO 1 --- [main] o.s.b.w.embedded.tomcat.TomcatWebServer  : Tomcat started on port(s): 8080 (http) with context path ''
2020-11-19 11:50:31.919  INFO 1 --- [main] c.e.i.e.EpisenScaPjaBackendApplication   : Started EpisenScaPjaBackendApplication in 15.78 seconds (JVM running for 18.891)
2020-11-19 12:50:54.313  INFO 1 --- [SpringContextShutdownHook] o.s.s.concurrent.ThreadPoolTaskExecutor  : Shutting down ExecutorService 'applicationTaskExecutor'
2020-11-19 12:51:12.403  INFO 1 --- [main] c.e.i.e.EpisenScaPjaBackendApplication   : Starting EpisenScaPjaBackendApplication on 7435b4de5411 with PID 1 (/app/episen-sca-pja-backend.jar started by appspring in /)
2020-11-19 12:51:12.406  INFO 1 --- [main] c.e.i.e.EpisenScaPjaBackendApplication   : No active profile set, falling back to default profiles: default
2020-11-19 12:51:20.101  INFO 1 --- [main] o.s.b.w.embedded.tomcat.TomcatWebServer  : Tomcat initialized with port(s): 8080 (http)
2020-11-19 12:51:20.195  INFO 1 --- [main] o.apache.catalina.core.StandardService   : Starting service [Tomcat]
2020-11-19 12:51:20.197  INFO 1 --- [main] org.apache.catalina.core.StandardEngine  : Starting Servlet engine: [Apache Tomcat/9.0.38]
2020-11-19 12:51:20.589  INFO 1 --- [main] o.a.c.c.C.[Tomcat].[localhost].[/]       : Initializing Spring embedded WebApplicationContext
2020-11-19 12:51:20.590  INFO 1 --- [main] w.s.c.ServletWebServerApplicationContext : Root WebApplicationContext: initialization completed in 7796 ms
2020-11-19 12:51:23.506  INFO 1 --- [main] o.s.s.concurrent.ThreadPoolTaskExecutor  : Initializing ExecutorService 'applicationTaskExecutor'
2020-11-19 12:51:24.505  INFO 1 --- [main] o.s.b.w.embedded.tomcat.TomcatWebServer  : Tomcat started on port(s): 8080 (http) with context path ''
2020-11-19 12:51:24.603  INFO 1 --- [main] c.e.i.e.EpisenScaPjaBackendApplication   : Started EpisenScaPjaBackendApplication in 14.915 seconds (JVM running for 17.746)
2020-11-19 12:51:46.488  INFO 1 --- [http-nio-8080-exec-1] o.a.c.c.C.[Tomcat].[localhost].[/]       : Initializing Spring DispatcherServlet 'dispatcherServlet'
2020-11-19 12:51:46.492  INFO 1 --- [http-nio-8080-exec-1] o.s.web.servlet.DispatcherServlet        : Initializing Servlet 'dispatcherServlet'
2020-11-19 12:51:46.587  INFO 1 --- [http-nio-8080-exec-1] o.s.web.servlet.DispatcherServlet        : Completed initialization in 92 ms
2020-11-19 12:51:46.890  INFO 1 --- [http-nio-8080-exec-1] c.e.i.e.endpoints.BackendController      : Text received :healthcheck=
2020-11-19 12:51:46.906  INFO 1 --- [http-nio-8080-exec-1] c.e.i.e.common.StaticData                : The text as added to the file
2020-11-19 12:55:36.504  INFO 1 --- [main] c.e.i.e.EpisenScaPjaBackendApplication   : Starting EpisenScaPjaBackendApplication on 9d04dc11283e with PID 1 (/app/episen-sca-pja-backend.jar started by appspring in /)
2020-11-19 12:55:36.589  INFO 1 --- [main] c.e.i.e.EpisenScaPjaBackendApplication   : No active profile set, falling back to default profiles: default
2020-11-19 12:55:44.093  INFO 1 --- [main] o.s.b.w.embedded.tomcat.TomcatWebServer  : Tomcat initialized with port(s): 8080 (http)
2020-11-19 12:55:44.197  INFO 1 --- [main] o.apache.catalina.core.StandardService   : Starting service [Tomcat]
2020-11-19 12:55:44.199  INFO 1 --- [main] org.apache.catalina.core.StandardEngine  : Starting Servlet engine: [Apache Tomcat/9.0.38]
2020-11-19 12:55:44.615  INFO 1 --- [main] o.a.c.c.C.[Tomcat].[localhost].[/]       : Initializing Spring embedded WebApplicationContext
2020-11-19 12:55:44.686  INFO 1 --- [main] w.s.c.ServletWebServerApplicationContext : Root WebApplicationContext: initialization completed in 7696 ms
2020-11-19 12:55:47.504  INFO 1 --- [main] o.s.s.concurrent.ThreadPoolTaskExecutor  : Initializing ExecutorService 'applicationTaskExecutor'
2020-11-19 12:55:48.591  INFO 1 --- [main] o.s.b.w.embedded.tomcat.TomcatWebServer  : Tomcat started on port(s): 8080 (http) with context path ''
2020-11-19 12:55:48.687  INFO 1 --- [main] c.e.i.e.EpisenScaPjaBackendApplication   : Started EpisenScaPjaBackendApplication in 15.296 seconds (JVM running for 18.361)
2020-11-19 12:59:36.998  INFO 1 --- [SpringContextShutdownHook] o.s.s.concurrent.ThreadPoolTaskExecutor  : Shutting down ExecutorService 'applicationTaskExecutor'
2020-11-19 12:59:58.889  INFO 1 --- [main] c.e.i.e.EpisenScaPjaBackendApplication   : Starting EpisenScaPjaBackendApplication on 144e83ae6dcc with PID 1 (/app/episen-sca-pja-backend.jar started by appspring in /)
2020-11-19 12:59:58.893  INFO 1 --- [main] c.e.i.e.EpisenScaPjaBackendApplication   : No active profile set, falling back to default profiles: default
2020-11-19 13:00:05.799  INFO 1 --- [main] o.s.b.w.embedded.tomcat.TomcatWebServer  : Tomcat initialized with port(s): 8080 (http)
2020-11-19 13:00:05.900  INFO 1 --- [main] o.apache.catalina.core.StandardService   : Starting service [Tomcat]
2020-11-19 13:00:05.902  INFO 1 --- [main] org.apache.catalina.core.StandardEngine  : Starting Servlet engine: [Apache Tomcat/9.0.38]
2020-11-19 13:00:06.386  INFO 1 --- [main] o.a.c.c.C.[Tomcat].[localhost].[/]       : Initializing Spring embedded WebApplicationContext
2020-11-19 13:00:06.388  INFO 1 --- [main] w.s.c.ServletWebServerApplicationContext : Root WebApplicationContext: initialization completed in 7094 ms
2020-11-19 13:00:09.301  INFO 1 --- [main] o.s.s.concurrent.ThreadPoolTaskExecutor  : Initializing ExecutorService 'applicationTaskExecutor'
2020-11-19 13:00:10.490  INFO 1 --- [main] o.s.b.w.embedded.tomcat.TomcatWebServer  : Tomcat started on port(s): 8080 (http) with context path ''
2020-11-19 13:00:10.507  INFO 1 --- [main] c.e.i.e.EpisenScaPjaBackendApplication   : Started EpisenScaPjaBackendApplication in 14.61 seconds (JVM running for 17.606)
2020-11-19 13:06:04.911  INFO 1 --- [main] c.e.i.e.EpisenScaPjaBackendApplication   : Starting EpisenScaPjaBackendApplication on 0e2f1e7373f7 with PID 1 (/app/episen-sca-pja-backend.jar started by appspring in /)
2020-11-19 13:06:04.987  INFO 1 --- [main] c.e.i.e.EpisenScaPjaBackendApplication   : No active profile set, falling back to default profiles: default
2020-11-19 13:06:13.111  INFO 1 --- [main] o.s.b.w.embedded.tomcat.TomcatWebServer  : Tomcat initialized with port(s): 8080 (http)
2020-11-19 13:06:13.210  INFO 1 --- [main] o.apache.catalina.core.StandardService   : Starting service [Tomcat]
2020-11-19 13:06:13.285  INFO 1 --- [main] org.apache.catalina.core.StandardEngine  : Starting Servlet engine: [Apache Tomcat/9.0.38]
2020-11-19 13:06:13.795  INFO 1 --- [main] o.a.c.c.C.[Tomcat].[localhost].[/]       : Initializing Spring embedded WebApplicationContext
2020-11-19 13:06:13.796  INFO 1 --- [main] w.s.c.ServletWebServerApplicationContext : Root WebApplicationContext: initialization completed in 8406 ms
2020-11-19 13:06:17.001  INFO 1 --- [main] o.s.s.concurrent.ThreadPoolTaskExecutor  : Initializing ExecutorService 'applicationTaskExecutor'
2020-11-19 13:06:18.399  INFO 1 --- [main] o.s.b.w.embedded.tomcat.TomcatWebServer  : Tomcat started on port(s): 8080 (http) with context path ''
2020-11-19 13:06:18.496  INFO 1 --- [main] c.e.i.e.EpisenScaPjaBackendApplication   : Started EpisenScaPjaBackendApplication in 16.681 seconds (JVM running for 19.509)
2020-11-19 13:07:55.205  INFO 1 --- [main] c.e.i.e.EpisenScaPjaBackendApplication   : Starting EpisenScaPjaBackendApplication on aae9956f9c06 with PID 1 (/app/episen-sca-pja-backend.jar started by appspring in /)
2020-11-19 13:07:55.287  INFO 1 --- [main] c.e.i.e.EpisenScaPjaBackendApplication   : No active profile set, falling back to default profiles: default
2020-11-19 13:08:02.385  INFO 1 --- [main] o.s.b.w.embedded.tomcat.TomcatWebServer  : Tomcat initialized with port(s): 8080 (http)
2020-11-19 13:08:02.409  INFO 1 --- [main] o.apache.catalina.core.StandardService   : Starting service [Tomcat]
2020-11-19 13:08:02.411  INFO 1 --- [main] org.apache.catalina.core.StandardEngine  : Starting Servlet engine: [Apache Tomcat/9.0.38]
2020-11-19 13:08:02.886  INFO 1 --- [main] o.a.c.c.C.[Tomcat].[localhost].[/]       : Initializing Spring embedded WebApplicationContext
2020-11-19 13:08:02.887  INFO 1 --- [main] w.s.c.ServletWebServerApplicationContext : Root WebApplicationContext: initialization completed in 7193 ms
2020-11-19 13:08:05.599  INFO 1 --- [main] o.s.s.concurrent.ThreadPoolTaskExecutor  : Initializing ExecutorService 'applicationTaskExecutor'
2020-11-19 13:08:06.608  INFO 1 --- [main] o.s.b.w.embedded.tomcat.TomcatWebServer  : Tomcat started on port(s): 8080 (http) with context path ''
2020-11-19 13:08:06.699  INFO 1 --- [main] c.e.i.e.EpisenScaPjaBackendApplication   : Started EpisenScaPjaBackendApplication in 14.311 seconds (JVM running for 17.321)
2020-11-19 13:16:30.592  INFO 1 --- [SpringContextShutdownHook] o.s.s.concurrent.ThreadPoolTaskExecutor  : Shutting down ExecutorService 'applicationTaskExecutor'
2020-11-19 13:16:52.788  INFO 1 --- [main] c.e.i.e.EpisenScaPjaBackendApplication   : Starting EpisenScaPjaBackendApplication on 3c84bb542483 with PID 1 (/app/episen-sca-pja-backend.jar started by appspring in /)
2020-11-19 13:16:52.791  INFO 1 --- [main] c.e.i.e.EpisenScaPjaBackendApplication   : No active profile set, falling back to default profiles: default
2020-11-19 13:16:59.697  INFO 1 --- [main] o.s.b.w.embedded.tomcat.TomcatWebServer  : Tomcat initialized with port(s): 8080 (http)
2020-11-19 13:16:59.797  INFO 1 --- [main] o.apache.catalina.core.StandardService   : Starting service [Tomcat]
2020-11-19 13:16:59.798  INFO 1 --- [main] org.apache.catalina.core.StandardEngine  : Starting Servlet engine: [Apache Tomcat/9.0.38]
2020-11-19 13:17:00.205  INFO 1 --- [main] o.a.c.c.C.[Tomcat].[localhost].[/]       : Initializing Spring embedded WebApplicationContext
2020-11-19 13:17:00.206  INFO 1 --- [main] w.s.c.ServletWebServerApplicationContext : Root WebApplicationContext: initialization completed in 7100 ms
2020-11-19 13:17:02.993  INFO 1 --- [main] o.s.s.concurrent.ThreadPoolTaskExecutor  : Initializing ExecutorService 'applicationTaskExecutor'
2020-11-19 13:17:04.102  INFO 1 --- [main] o.s.b.w.embedded.tomcat.TomcatWebServer  : Tomcat started on port(s): 8080 (http) with context path ''
2020-11-19 13:17:04.197  INFO 1 --- [main] c.e.i.e.EpisenScaPjaBackendApplication   : Started EpisenScaPjaBackendApplication in 14.208 seconds (JVM running for 17.255)
2020-11-19 13:17:08.107  INFO 1 --- [http-nio-8080-exec-1] o.a.c.c.C.[Tomcat].[localhost].[/]       : Initializing Spring DispatcherServlet 'dispatcherServlet'
2020-11-19 13:17:08.110  INFO 1 --- [http-nio-8080-exec-1] o.s.web.servlet.DispatcherServlet        : Initializing Servlet 'dispatcherServlet'
2020-11-19 13:17:08.196  INFO 1 --- [http-nio-8080-exec-1] o.s.web.servlet.DispatcherServlet        : Completed initialization in 10 ms
2020-11-19 13:17:08.498  INFO 1 --- [http-nio-8080-exec-1] c.e.i.e.endpoints.BackendController      : Text received :healthcheck=
2020-11-19 13:17:08.595  INFO 1 --- [http-nio-8080-exec-1] c.e.i.e.common.StaticData                : The text as added to the file
2020-11-19 13:17:18.795  INFO 1 --- [http-nio-8080-exec-2] c.e.i.e.endpoints.BackendController      : Text received :healthcheck=
2020-11-19 13:17:18.810  INFO 1 --- [http-nio-8080-exec-2] c.e.i.e.common.StaticData                : The text as added to the file
2020-11-19 13:17:28.990  INFO 1 --- [http-nio-8080-exec-3] c.e.i.e.endpoints.BackendController      : Text received :healthcheck=
2020-11-19 13:17:29.029  INFO 1 --- [http-nio-8080-exec-3] c.e.i.e.common.StaticData                : The text as added to the file
2020-11-19 13:17:39.200  INFO 1 --- [http-nio-8080-exec-4] c.e.i.e.endpoints.BackendController      : Text received :healthcheck=
2020-11-19 13:17:39.229  INFO 1 --- [http-nio-8080-exec-4] c.e.i.e.common.StaticData                : The text as added to the file
2020-11-19 13:17:49.377  INFO 1 --- [http-nio-8080-exec-6] c.e.i.e.endpoints.BackendController      : Text received :healthcheck=
2020-11-19 13:17:49.400  INFO 1 --- [http-nio-8080-exec-6] c.e.i.e.common.StaticData                : The text as added to the file
2020-11-19 13:17:59.545  INFO 1 --- [http-nio-8080-exec-8] c.e.i.e.endpoints.BackendController      : Text received :healthcheck=
2020-11-19 13:17:59.572  INFO 1 --- [http-nio-8080-exec-8] c.e.i.e.common.StaticData                : The text as added to the file
2020-11-19 13:18:09.724  INFO 1 --- [http-nio-8080-exec-10] c.e.i.e.endpoints.BackendController      : Text received :healthcheck=
2020-11-19 13:18:09.746  INFO 1 --- [http-nio-8080-exec-10] c.e.i.e.common.StaticData                : The text as added to the file
2020-11-19 13:18:19.891  INFO 1 --- [http-nio-8080-exec-1] c.e.i.e.endpoints.BackendController      : Text received :healthcheck=
2020-11-19 13:18:19.909  INFO 1 --- [http-nio-8080-exec-1] c.e.i.e.common.StaticData                : The text as added to the file
2020-11-19 13:18:28.634  INFO 1 --- [SpringContextShutdownHook] o.s.s.concurrent.ThreadPoolTaskExecutor  : Shutting down ExecutorService 'applicationTaskExecutor'
2020-11-19 13:18:40.394  INFO 1 --- [main] c.e.i.e.EpisenScaPjaBackendApplication   : Starting EpisenScaPjaBackendApplication on 01a746c71bdf with PID 1 (/app/episen-sca-pja-backend.jar started by appspring in /)
2020-11-19 13:18:40.399  INFO 1 --- [main] c.e.i.e.EpisenScaPjaBackendApplication   : No active profile set, falling back to default profiles: default
2020-11-19 13:18:47.293  INFO 1 --- [main] o.s.b.w.embedded.tomcat.TomcatWebServer  : Tomcat initialized with port(s): 8080 (http)
2020-11-19 13:18:47.387  INFO 1 --- [main] o.apache.catalina.core.StandardService   : Starting service [Tomcat]
2020-11-19 13:18:47.389  INFO 1 --- [main] org.apache.catalina.core.StandardEngine  : Starting Servlet engine: [Apache Tomcat/9.0.38]
2020-11-19 13:18:47.892  INFO 1 --- [main] o.a.c.c.C.[Tomcat].[localhost].[/]       : Initializing Spring embedded WebApplicationContext
2020-11-19 13:18:47.894  INFO 1 --- [main] w.s.c.ServletWebServerApplicationContext : Root WebApplicationContext: initialization completed in 7004 ms
2020-11-19 13:18:51.206  INFO 1 --- [main] o.s.s.concurrent.ThreadPoolTaskExecutor  : Initializing ExecutorService 'applicationTaskExecutor'
2020-11-19 13:18:52.403  INFO 1 --- [main] o.s.b.w.embedded.tomcat.TomcatWebServer  : Tomcat started on port(s): 8080 (http) with context path ''
2020-11-19 13:18:52.501  INFO 1 --- [main] c.e.i.e.EpisenScaPjaBackendApplication   : Started EpisenScaPjaBackendApplication in 15.4 seconds (JVM running for 18.852)
2020-11-19 13:19:04.196  INFO 1 --- [http-nio-8080-exec-1] o.a.c.c.C.[Tomcat].[localhost].[/]       : Initializing Spring DispatcherServlet 'dispatcherServlet'
2020-11-19 13:19:04.205  INFO 1 --- [http-nio-8080-exec-1] o.s.web.servlet.DispatcherServlet        : Initializing Servlet 'dispatcherServlet'
2020-11-19 13:19:04.294  INFO 1 --- [http-nio-8080-exec-1] o.s.web.servlet.DispatcherServlet        : Completed initialization in 79 ms
2020-11-19 13:19:04.515  INFO 1 --- [http-nio-8080-exec-1] c.e.i.e.endpoints.BackendController      : Text received :healthcheck=
2020-11-19 13:19:04.603  INFO 1 --- [http-nio-8080-exec-1] c.e.i.e.common.StaticData                : The text as added to the file
2020-11-19 13:19:10.445  INFO 1 --- [SpringContextShutdownHook] o.s.s.concurrent.ThreadPoolTaskExecutor  : Shutting down ExecutorService 'applicationTaskExecutor'
